[debug] [2021-05-31T06:12:32.970Z] ----------------------------------------------------------------------
[debug] [2021-05-31T06:12:32.972Z] Command:       /usr/local/bin/node /usr/local/bin/firebase init
[debug] [2021-05-31T06:12:32.972Z] CLI Version:   9.12.0
[debug] [2021-05-31T06:12:32.972Z] Platform:      darwin
[debug] [2021-05-31T06:12:32.972Z] Node Version:  v14.16.0
[debug] [2021-05-31T06:12:32.973Z] Time:          Mon May 31 2021 01:12:32 GMT-0500 (Central Daylight Time)
[debug] [2021-05-31T06:12:32.973Z] ----------------------------------------------------------------------
[debug] 
[debug] [2021-05-31T06:12:32.976Z] > command requires scopes: ["email","openid","https://www.googleapis.com/auth/cloudplatformprojects.readonly","https://www.googleapis.com/auth/firebase","https://www.googleapis.com/auth/cloud-platform"]
[debug] [2021-05-31T06:12:32.977Z] > authorizing via signed-in user (supertmach@gmail.com)
[info] 
     ######## #### ########  ######## ########     ###     ######  ########
     ##        ##  ##     ## ##       ##     ##  ##   ##  ##       ##
     ######    ##  ########  ######   ########  #########  ######  ######
     ##        ##  ##    ##  ##       ##     ## ##     ##       ## ##
     ##       #### ##     ## ######## ########  ##     ##  ######  ########

You're about to initialize a Firebase project in this directory:

  /Users/teaganmach/Documents/info340/project-2-teaganmach

[info] 
=== Project Setup
[info] 
[info] First, let's associate this project directory with a Firebase project.
[info] You can create multiple project aliases by running firebase use --add, 
[info] but for now we'll just set up a default project.
[info] 
[debug] [2021-05-31T06:13:02.827Z] >>> [apiv2][query] GET https://firebase.googleapis.com/v1beta1/projects pageSize=100
[debug] [2021-05-31T06:13:03.111Z] <<< [apiv2][status] GET https://firebase.googleapis.com/v1beta1/projects 200
[debug] [2021-05-31T06:13:03.111Z] <<< [apiv2][body] GET https://firebase.googleapis.com/v1beta1/projects [omitted]
[info] i  Using project info340-react-app (Info340 React App) 
[info] 
=== Hosting Setup
[info] 
[info] Your public directory is the folder (relative to your project directory) that
[info] will contain Hosting assets to be uploaded with firebase deploy. If you
[info] have a build process for your assets, use your build's output directory.
[info] 
[debug] [2021-05-31T06:13:36.702Z] >>> [apiv2][query] GET https://www.gstatic.com/firebasejs/releases.json [none]
[debug] [2021-05-31T06:13:37.838Z] <<< [apiv2][status] GET https://www.gstatic.com/firebasejs/releases.json 200
[debug] [2021-05-31T06:13:37.839Z] <<< [apiv2][body] GET https://www.gstatic.com/firebasejs/releases.json {"current":{"version":"8.6.3","browserURL":"https://www.gstatic.com/firebasejs/8.6.3/firebase.js","packageURL":"https://www.gstatic.com/firebasejs/8.6.3/firebase.tgz"},"live":{"version":"8.6","browserURL":"https://www.gstatic.com/firebasejs/live/8.6/firebase.js","packageURL":"https://www.gstatic.com/firebasejs/live/8.6/firebase.tgz"},"components":{"analytics":"https://www.gstatic.com/firebasejs/8.6.3/firebase-analytics.js","app":"https://www.gstatic.com/firebasejs/8.6.3/firebase-app.js","app-check":"https://www.gstatic.com/firebasejs/8.6.3/firebase-app-check.js","auth":"https://www.gstatic.com/firebasejs/8.6.3/firebase-auth.js","database":"https://www.gstatic.com/firebasejs/8.6.3/firebase-database.js","firestore":"https://www.gstatic.com/firebasejs/8.6.3/firebase-firestore.js","functions":"https://www.gstatic.com/firebasejs/8.6.3/firebase-functions.js","installations":"https://www.gstatic.com/firebasejs/8.6.3/firebase-installations.js","messaging":"https://www.gstatic.com/firebasejs/8.6.3/firebase-messaging.js","storage":"https://www.gstatic.com/firebasejs/8.6.3/firebase-storage.js","performance":"https://www.gstatic.com/firebasejs/8.6.3/firebase-performance.js","remote-config":"https://www.gstatic.com/firebasejs/8.6.3/firebase-remote-config.js","firestore.memory":"https://www.gstatic.com/firebasejs/8.6.3/firebase-firestore.memory.js"}}
[info] ✔  Wrote build/index.html 
[info] 
[info] i  Detected a .git folder at /Users/teaganmach/Documents/info340/project-2-teaganmach 
[info] i  Authorizing with GitHub to upload your service account to a GitHub repository's secrets store. 
[info] 
[info] Visit this URL on this device to log in:
[info] https://github.com/login/oauth/authorize?client_id=89cf50f02ac6aaed3484&state=50542295&redirect_uri=http%3A%2F%2Flocalhost%3A9005&scope=read%3Auser%20repo%20public_repo
[info] 
[info] Waiting for authentication...
[debug] [2021-05-31T06:13:54.149Z] >>> HTTP REQUEST POST https://github.com/login/oauth/access_token  
 {"client_id":"89cf50f02ac6aaed3484","client_secret":"3330d14abc895d9a74d5f17cd7a00711fa2c5bf0","code":"1abdc429a29bd232b774","redirect_uri":"http://localhost:9005","state":"50542295"}
[debug] [2021-05-31T06:13:57.432Z] <<< HTTP RESPONSE 200 {"server":"GitHub.com","date":"Mon, 31 May 2021 06:13:57 GMT","content-type":"application/json; charset=utf-8","transfer-encoding":"chunked","vary":"X-PJAX, Accept-Encoding, Accept, X-Requested-With","permissions-policy":"interest-cohort=()","etag":"W/\"38ca540155a49b3a218d353ca96f3d6e\"","cache-control":"max-age=0, private, must-revalidate","strict-transport-security":"max-age=31536000; includeSubdomains; preload","x-frame-options":"deny","x-content-type-options":"nosniff","x-xss-protection":"0","referrer-policy":"origin-when-cross-origin, strict-origin-when-cross-origin","expect-ct":"max-age=2592000, report-uri=\"https://api.github.com/_private/browser/errors\"","content-security-policy":"default-src 'none'; base-uri 'self'; block-all-mixed-content; connect-src 'self' uploads.github.com www.githubstatus.com collector.githubapp.com api.github.com github-cloud.s3.amazonaws.com github-production-repository-file-5c1aeb.s3.amazonaws.com github-production-upload-manifest-file-7fdce7.s3.amazonaws.com github-production-user-asset-6210df.s3.amazonaws.com html-translator.herokuapp.com cdn.optimizely.com logx.optimizely.com/v1/events wss://alive.github.com; font-src github.githubassets.com; form-action 'self' github.com gist.github.com; frame-ancestors 'none'; frame-src render.githubusercontent.com; img-src 'self' data: github.githubassets.com identicons.github.com collector.githubapp.com github-cloud.s3.amazonaws.com secured-user-images.githubusercontent.com/ *.githubusercontent.com; manifest-src 'self'; media-src 'none'; script-src github.githubassets.com; style-src 'unsafe-inline' github.githubassets.com; worker-src github.com/socket-worker-3f088aa2.js gist.github.com/socket-worker-3f088aa2.js","x-github-request-id":"E220:5152:1ED3F5D:2E3E535:60B47EA5"}
[debug] [2021-05-31T06:13:57.439Z] >>> [apiv2][query] GET https://api.github.com/user [none]
[debug] [2021-05-31T06:13:57.704Z] <<< [apiv2][status] GET https://api.github.com/user 200
[debug] [2021-05-31T06:13:57.704Z] <<< [apiv2][body] GET https://api.github.com/user {"login":"teaganmach","id":49710698,"node_id":"MDQ6VXNlcjQ5NzEwNjk4","avatar_url":"https://avatars.githubusercontent.com/u/49710698?v=4","gravatar_id":"","url":"https://api.github.com/users/teaganmach","html_url":"https://github.com/teaganmach","followers_url":"https://api.github.com/users/teaganmach/followers","following_url":"https://api.github.com/users/teaganmach/following{/other_user}","gists_url":"https://api.github.com/users/teaganmach/gists{/gist_id}","starred_url":"https://api.github.com/users/teaganmach/starred{/owner}{/repo}","subscriptions_url":"https://api.github.com/users/teaganmach/subscriptions","organizations_url":"https://api.github.com/users/teaganmach/orgs","repos_url":"https://api.github.com/users/teaganmach/repos","events_url":"https://api.github.com/users/teaganmach/events{/privacy}","received_events_url":"https://api.github.com/users/teaganmach/received_events","type":"User","site_admin":false,"name":null,"company":null,"blog":"","location":null,"email":null,"hireable":null,"bio":null,"twitter_username":null,"public_repos":0,"public_gists":0,"followers":0,"following":0,"created_at":"2019-04-17T07:22:20Z","updated_at":"2021-05-31T06:13:53Z","private_gists":0,"total_private_repos":1,"owned_private_repos":1,"disk_usage":1,"collaborators":1,"two_factor_authentication":false,"plan":{"name":"free","space":976562499,"collaborators":0,"private_repos":10000}}
[info] 
[info] ✔  Success! Logged into GitHub as teaganmach 
[info] 
[debug] [2021-05-31T06:15:11.184Z] >>> [apiv2][query] GET https://api.github.com/repos/info340-wi21/project-2-teaganmach/actions/secrets/public-key type=owner
[debug] [2021-05-31T06:15:11.389Z] <<< [apiv2][status] GET https://api.github.com/repos/info340-wi21/project-2-teaganmach/actions/secrets/public-key 404
[debug] [2021-05-31T06:15:11.389Z] <<< [apiv2][body] GET https://api.github.com/repos/info340-wi21/project-2-teaganmach/actions/secrets/public-key {"message":"Not Found","documentation_url":"https://docs.github.com/rest/reference/actions#get-a-repository-public-key"}
[debug] [2021-05-31T06:15:19.310Z] >>> [apiv2][query] GET https://api.github.com/repos//info340-wi21/project-2-teaganmach/actions/secrets/public-key type=owner
[debug] [2021-05-31T06:15:19.799Z] <<< [apiv2][status] GET https://api.github.com/repos//info340-wi21/project-2-teaganmach/actions/secrets/public-key 404
[debug] [2021-05-31T06:15:19.800Z] <<< [apiv2][body] GET https://api.github.com/repos//info340-wi21/project-2-teaganmach/actions/secrets/public-key {"message":"Not Found","documentation_url":"https://docs.github.com/rest"}
[debug] [2021-05-31T06:15:54.839Z] >>> [apiv2][query] GET https://api.github.com/repos/n/actions/secrets/public-key type=owner
[debug] [2021-05-31T06:15:55.171Z] <<< [apiv2][status] GET https://api.github.com/repos/n/actions/secrets/public-key 404
[debug] [2021-05-31T06:15:55.171Z] <<< [apiv2][body] GET https://api.github.com/repos/n/actions/secrets/public-key {"message":"Not Found","documentation_url":"https://docs.github.com/rest"}
[debug] [2021-05-31T06:15:57.562Z] >>> [apiv2][query] GET https://api.github.com/repos/esc/actions/secrets/public-key type=owner
[debug] [2021-05-31T06:15:57.738Z] <<< [apiv2][status] GET https://api.github.com/repos/esc/actions/secrets/public-key 404
[debug] [2021-05-31T06:15:57.738Z] <<< [apiv2][body] GET https://api.github.com/repos/esc/actions/secrets/public-key {"message":"Not Found","documentation_url":"https://docs.github.com/rest"}
[debug] [2021-05-31T06:15:59.765Z] >>> [apiv2][query] GET https://api.github.com/repos//actions/secrets/public-key type=owner
[debug] [2021-05-31T06:15:59.959Z] <<< [apiv2][status] GET https://api.github.com/repos//actions/secrets/public-key 404
[debug] [2021-05-31T06:15:59.959Z] <<< [apiv2][body] GET https://api.github.com/repos//actions/secrets/public-key {"message":"Not Found","documentation_url":"https://docs.github.com/rest"}
[debug] [2021-05-31T06:16:00.554Z] >>> [apiv2][query] GET https://api.github.com/repos//actions/secrets/public-key type=owner
[debug] [2021-05-31T06:16:00.737Z] <<< [apiv2][status] GET https://api.github.com/repos//actions/secrets/public-key 404
[debug] [2021-05-31T06:16:00.737Z] <<< [apiv2][body] GET https://api.github.com/repos//actions/secrets/public-key {"message":"Not Found","documentation_url":"https://docs.github.com/rest"}
[debug] [2021-05-31T06:17:28.526Z] TypeError: Cannot read property 'setRawMode' of null
    at ReadStream.setRawMode (tty.js:75:28)
    at Interface._setRawMode (readline.js:298:16)
    at Interface.close (readline.js:421:10)
    at ReadStream.ontermend (readline.js:209:10)
    at ReadStream.emit (events.js:327:22)
    at ReadStream.EventEmitter.emit (domain.js:467:12)
    at endReadableNT (internal/streams/readable.js:1327:12)
    at processTicksAndRejections (internal/process/task_queues.js:80:21)
[error] 
[error] Error: An unexpected error has occurred.
[debug] [2021-05-31T06:17:28.528Z] Error: write EIO
    at afterWriteDispatched (internal/stream_base_commons.js:156:25)
    at writeGeneric (internal/stream_base_commons.js:147:3)
    at WriteStream.Socket._writeGeneric (net.js:785:11)
    at WriteStream.Socket._write (net.js:797:8)
    at writeOrBuffer (internal/streams/writable.js:358:12)
    at WriteStream.Writable.write (internal/streams/writable.js:303:10)
    at Console.log (/usr/local/lib/node_modules/firebase-tools/node_modules/winston/lib/winston/transports/console.js:79:23)
    at Console._write (/usr/local/lib/node_modules/firebase-tools/node_modules/winston-transport/index.js:103:17)
    at doWrite (/usr/local/lib/node_modules/firebase-tools/node_modules/winston-transport/node_modules/readable-stream/lib/_stream_writable.js:428:64)
    at writeOrBuffer (/usr/local/lib/node_modules/firebase-tools/node_modules/winston-transport/node_modules/readable-stream/lib/_stream_writable.js:417:5)
    at Console.Writable.write (/usr/local/lib/node_modules/firebase-tools/node_modules/winston-transport/node_modules/readable-stream/lib/_stream_writable.js:334:11)
    at DerivedLogger.ondata (/usr/local/lib/node_modules/firebase-tools/node_modules/readable-stream/lib/_stream_readable.js:681:20)
    at DerivedLogger.emit (events.js:327:22)
    at DerivedLogger.EventEmitter.emit (domain.js:467:12)
    at addChunk (/usr/local/lib/node_modules/firebase-tools/node_modules/readable-stream/lib/_stream_readable.js:298:12)
    at readableAddChunk (/usr/local/lib/node_modules/firebase-tools/node_modules/readable-stream/lib/_stream_readable.js:280:11)
[error] 
[error] Error: An unexpected error has occurred.
